<?xml version="1.0" encoding="UTF-8" standalone="no"?>
<!DOCTYPE log SYSTEM "logger.dtd">
<log>
<record>
  <date>2018-11-05T17:08:58.847-0300</date>
  <logger>ANDRE FILIPE QUEIROZ DE MELO E SOARES</logger>
  <level>FINE</level>
  <message>File 116210818-ANDRE FILIPE QUEIROZ DE MELO E SOARES.zip was received. It was sent by ANDRE FILIPE QUEIROZ DE MELO E SOARES from IP 192.168.1.7</message>
</record>
</log>
<?xml version="1.0" encoding="UTF-8" standalone="no"?>
<!DOCTYPE log SYSTEM "logger.dtd">
<log>
<record>
  <date>2018-11-05T17:10:51.793-0300</date>
  <logger>ANDRE FILIPE QUEIROZ DE MELO E SOARES</logger>
  <level>FINE</level>
  <message>File 116210818-ANDRE FILIPE QUEIROZ DE MELO E SOARES.zip was received. It was sent by ANDRE FILIPE QUEIROZ DE MELO E SOARES from IP 192.168.10.101</message>
</record>
</log>
<?xml version="1.0" encoding="UTF-8" standalone="no"?>
<!DOCTYPE log SYSTEM "logger.dtd">
<log>
<record>
  <date>2018-11-06T20:56:48.896-0300</date>
  <logger>ANDRE FILIPE QUEIROZ DE MELO E SOARES</logger>
  <level>FINE</level>
  <message>File 116210818-ANDRE FILIPE QUEIROZ DE MELO E SOARES.zip was received. It was sent by ANDRE FILIPE QUEIROZ DE MELO E SOARES from IP 192.168.1.7</message>
</record>
