<?xml version="1.0" encoding="UTF-8" standalone="no"?>
<!DOCTYPE log SYSTEM "logger.dtd">
<log>
<record>
  <date>2018-11-12T16:06:00.150-0300</date>
  <logger>FERNANDO JORGE PEREIRA JUNIOR</logger>
  <level>FINE</level>
  <message>File 116210904-FERNANDO JORGE PEREIRA JUNIOR.zip was received. It was sent by FERNANDO JORGE PEREIRA JUNIOR from IP 150.165.42.118</message>
</record>
</log>
<?xml version="1.0" encoding="UTF-8" standalone="no"?>
<!DOCTYPE log SYSTEM "logger.dtd">
<log>
<record>
  <date>2018-11-12T16:24:29.152-0300</date>
  <logger>FERNANDO JORGE PEREIRA JUNIOR</logger>
  <level>FINE</level>
  <message>File 116210904-FERNANDO JORGE PEREIRA JUNIOR.zip was received. It was sent by FERNANDO JORGE PEREIRA JUNIOR from IP 192.168.10.106</message>
</record>
</log>
<?xml version="1.0" encoding="UTF-8" standalone="no"?>
<!DOCTYPE log SYSTEM "logger.dtd">
<log>
<record>
  <date>2018-11-14T23:03:30.616-0300</date>
  <logger>FERNANDO JORGE PEREIRA JUNIOR</logger>
  <level>FINE</level>
  <message>File 116210904-FERNANDO JORGE PEREIRA JUNIOR.zip was received. It was sent by FERNANDO JORGE PEREIRA JUNIOR from IP 192.168.1.13</message>
</record>
